<?xml version="1.0" encoding="UTF-8"?>
<testng-results skipped="0" failed="0" ignored="0" total="1" passed="1">
  <reporter-output>
  </reporter-output>
  <suite name="Default suite" duration-ms="5422" started-at="2023-01-21T23:04:45 IST" finished-at="2023-01-21T23:04:51 IST">
    <groups>
    </groups>
    <test name="Default test" duration-ms="5422" started-at="2023-01-21T23:04:45 IST" finished-at="2023-01-21T23:04:51 IST">
      <class name="restassuredcucumberstyle.FileUploaddDownload">
        <test-method status="PASS" signature="singleFileUpload()[pri:1, instance:restassuredcucumberstyle.FileUploaddDownload@7d70d1b1]" name="singleFileUpload" duration-ms="5364" started-at="2023-01-21T23:04:45 IST" finished-at="2023-01-21T23:04:51 IST">
          <reporter-output>
          </reporter-output>
        </test-method> <!-- singleFileUpload -->
      </class> <!-- restassuredcucumberstyle.FileUploaddDownload -->
    </test> <!-- Default test -->
  </suite> <!-- Default suite -->
</testng-results>
