<?xml version="1.0" encoding="UTF-8"?>
<testng-results ignored="0" total="1" passed="1" failed="0" skipped="0">
  <reporter-output>
  </reporter-output>
  <suite started-at="2023-07-13T14:52:43 IST" name="Default suite" finished-at="2023-07-13T14:52:47 IST" duration-ms="4819">
    <groups>
    </groups>
    <test started-at="2023-07-13T14:52:43 IST" name="Default test" finished-at="2023-07-13T14:52:47 IST" duration-ms="4819">
      <class name="restassuredcucumberstyle.FileUploadDownload">
        <test-method signature="singleFileUpload()[pri:1, instance:restassuredcucumberstyle.FileUploadDownload@661972b0]" started-at="2023-07-13T14:52:43 IST" name="singleFileUpload" finished-at="2023-07-13T14:52:47 IST" duration-ms="4731" status="PASS">
          <reporter-output>
          </reporter-output>
        </test-method> <!-- singleFileUpload -->
      </class> <!-- restassuredcucumberstyle.FileUploadDownload -->
    </test> <!-- Default test -->
  </suite> <!-- Default suite -->
</testng-results>
